0 info it worked if it ends with ok
1 verbose cli [ '/usr/bin/nodejs', '/usr/bin/npm', 'install' ]
2 info using npm@3.10.10
3 info using node@v6.9.4
4 silly loadCurrentTree Starting
5 silly install loadCurrentTree
6 silly install readLocalPackageData
7 silly install normalizeTree
8 silly loadCurrentTree Finishing
9 silly loadIdealTree Starting
10 silly install loadIdealTree
11 silly cloneCurrentTree Starting
12 silly install cloneCurrentTreeToIdealTree
13 silly cloneCurrentTree Finishing
14 silly loadShrinkwrap Starting
15 silly install loadShrinkwrap
16 silly loadShrinkwrap Finishing
17 silly loadAllDepsIntoIdealTree Starting
18 silly install loadAllDepsIntoIdealTree
19 silly fetchNamedPackageData bootstrap-sass
20 silly mapToRegistry name bootstrap-sass
21 silly mapToRegistry using default registry
22 silly mapToRegistry registry https://registry.npmjs.org/
23 silly mapToRegistry data Result {
23 silly mapToRegistry   raw: 'bootstrap-sass',
23 silly mapToRegistry   scope: null,
23 silly mapToRegistry   escapedName: 'bootstrap-sass',
23 silly mapToRegistry   name: 'bootstrap-sass',
23 silly mapToRegistry   rawSpec: '',
23 silly mapToRegistry   spec: 'latest',
23 silly mapToRegistry   type: 'tag' }
24 silly mapToRegistry uri https://registry.npmjs.org/bootstrap-sass
25 silly fetchNamedPackageData gulp
26 silly mapToRegistry name gulp
27 silly mapToRegistry using default registry
28 silly mapToRegistry registry https://registry.npmjs.org/
29 silly mapToRegistry data Result {
29 silly mapToRegistry   raw: 'gulp',
29 silly mapToRegistry   scope: null,
29 silly mapToRegistry   escapedName: 'gulp',
29 silly mapToRegistry   name: 'gulp',
29 silly mapToRegistry   rawSpec: '',
29 silly mapToRegistry   spec: 'latest',
29 silly mapToRegistry   type: 'tag' }
30 silly mapToRegistry uri https://registry.npmjs.org/gulp
31 silly fetchNamedPackageData jquery
32 silly mapToRegistry name jquery
33 silly mapToRegistry using default registry
34 silly mapToRegistry registry https://registry.npmjs.org/
35 silly mapToRegistry data Result {
35 silly mapToRegistry   raw: 'jquery',
35 silly mapToRegistry   scope: null,
35 silly mapToRegistry   escapedName: 'jquery',
35 silly mapToRegistry   name: 'jquery',
35 silly mapToRegistry   rawSpec: '',
35 silly mapToRegistry   spec: 'latest',
35 silly mapToRegistry   type: 'tag' }
36 silly mapToRegistry uri https://registry.npmjs.org/jquery
37 silly fetchNamedPackageData laravel-elixir
38 silly mapToRegistry name laravel-elixir
39 silly mapToRegistry using default registry
40 silly mapToRegistry registry https://registry.npmjs.org/
41 silly mapToRegistry data Result {
41 silly mapToRegistry   raw: 'laravel-elixir',
41 silly mapToRegistry   scope: null,
41 silly mapToRegistry   escapedName: 'laravel-elixir',
41 silly mapToRegistry   name: 'laravel-elixir',
41 silly mapToRegistry   rawSpec: '',
41 silly mapToRegistry   spec: 'latest',
41 silly mapToRegistry   type: 'tag' }
42 silly mapToRegistry uri https://registry.npmjs.org/laravel-elixir
43 silly fetchNamedPackageData laravel-elixir-vue-2
44 silly mapToRegistry name laravel-elixir-vue-2
45 silly mapToRegistry using default registry
46 silly mapToRegistry registry https://registry.npmjs.org/
47 silly mapToRegistry data Result {
47 silly mapToRegistry   raw: 'laravel-elixir-vue-2',
47 silly mapToRegistry   scope: null,
47 silly mapToRegistry   escapedName: 'laravel-elixir-vue-2',
47 silly mapToRegistry   name: 'laravel-elixir-vue-2',
47 silly mapToRegistry   rawSpec: '',
47 silly mapToRegistry   spec: 'latest',
47 silly mapToRegistry   type: 'tag' }
48 silly mapToRegistry uri https://registry.npmjs.org/laravel-elixir-vue-2
49 silly fetchNamedPackageData laravel-elixir-webpack-official
50 silly mapToRegistry name laravel-elixir-webpack-official
51 silly mapToRegistry using default registry
52 silly mapToRegistry registry https://registry.npmjs.org/
53 silly mapToRegistry data Result {
53 silly mapToRegistry   raw: 'laravel-elixir-webpack-official',
53 silly mapToRegistry   scope: null,
53 silly mapToRegistry   escapedName: 'laravel-elixir-webpack-official',
53 silly mapToRegistry   name: 'laravel-elixir-webpack-official',
53 silly mapToRegistry   rawSpec: '',
53 silly mapToRegistry   spec: 'latest',
53 silly mapToRegistry   type: 'tag' }
54 silly mapToRegistry uri https://registry.npmjs.org/laravel-elixir-webpack-official
55 silly fetchNamedPackageData lodash
56 silly mapToRegistry name lodash
57 silly mapToRegistry using default registry
58 silly mapToRegistry registry https://registry.npmjs.org/
59 silly mapToRegistry data Result {
59 silly mapToRegistry   raw: 'lodash',
59 silly mapToRegistry   scope: null,
59 silly mapToRegistry   escapedName: 'lodash',
59 silly mapToRegistry   name: 'lodash',
59 silly mapToRegistry   rawSpec: '',
59 silly mapToRegistry   spec: 'latest',
59 silly mapToRegistry   type: 'tag' }
60 silly mapToRegistry uri https://registry.npmjs.org/lodash
61 silly fetchNamedPackageData vue
62 silly mapToRegistry name vue
63 silly mapToRegistry using default registry
64 silly mapToRegistry registry https://registry.npmjs.org/
65 silly mapToRegistry data Result {
65 silly mapToRegistry   raw: 'vue',
65 silly mapToRegistry   scope: null,
65 silly mapToRegistry   escapedName: 'vue',
65 silly mapToRegistry   name: 'vue',
65 silly mapToRegistry   rawSpec: '',
65 silly mapToRegistry   spec: 'latest',
65 silly mapToRegistry   type: 'tag' }
66 silly mapToRegistry uri https://registry.npmjs.org/vue
67 silly fetchNamedPackageData vue-resource
68 silly mapToRegistry name vue-resource
69 silly mapToRegistry using default registry
70 silly mapToRegistry registry https://registry.npmjs.org/
71 silly mapToRegistry data Result {
71 silly mapToRegistry   raw: 'vue-resource',
71 silly mapToRegistry   scope: null,
71 silly mapToRegistry   escapedName: 'vue-resource',
71 silly mapToRegistry   name: 'vue-resource',
71 silly mapToRegistry   rawSpec: '',
71 silly mapToRegistry   spec: 'latest',
71 silly mapToRegistry   type: 'tag' }
72 silly mapToRegistry uri https://registry.npmjs.org/vue-resource
73 verbose request uri https://registry.npmjs.org/gulp
74 verbose request no auth needed
75 info attempt registry request try #1 at 13:47:46
76 verbose request id 41419701b2cf113d
77 http request GET https://registry.npmjs.org/gulp
78 verbose request uri https://registry.npmjs.org/laravel-elixir-vue-2
79 verbose request no auth needed
80 info attempt registry request try #1 at 13:47:46
81 http request GET https://registry.npmjs.org/laravel-elixir-vue-2
82 verbose request uri https://registry.npmjs.org/laravel-elixir
83 verbose request no auth needed
84 info attempt registry request try #1 at 13:47:46
85 http request GET https://registry.npmjs.org/laravel-elixir
86 verbose request uri https://registry.npmjs.org/laravel-elixir-webpack-official
87 verbose request no auth needed
88 info attempt registry request try #1 at 13:47:46
89 http request GET https://registry.npmjs.org/laravel-elixir-webpack-official
90 info retry will retry, error on last attempt: Error: tunneling socket could not be established, cause=connect EINVAL 0.229.215.242:80 - Local (0.0.0.0:0)
91 info retry will retry, error on last attempt: Error: tunneling socket could not be established, cause=connect EINVAL 0.229.215.242:80 - Local (0.0.0.0:0)
92 info retry will retry, error on last attempt: Error: tunneling socket could not be established, cause=connect EINVAL 0.229.215.242:80 - Local (0.0.0.0:0)
93 info retry will retry, error on last attempt: Error: tunneling socket could not be established, cause=connect EINVAL 0.229.215.242:80 - Local (0.0.0.0:0)
94 verbose request uri https://registry.npmjs.org/bootstrap-sass
95 verbose request no auth needed
96 info attempt registry request try #1 at 13:47:47
97 verbose etag W/"584f7dea-7083"
98 verbose lastModified Tue, 13 Dec 2016 04:49:46 GMT
99 http request GET https://registry.npmjs.org/bootstrap-sass
100 verbose request uri https://registry.npmjs.org/lodash
101 verbose request no auth needed
102 info attempt registry request try #1 at 13:47:47
103 verbose etag W/"588ae752-28e93"
104 verbose lastModified Fri, 27 Jan 2017 06:23:14 GMT
105 http request GET https://registry.npmjs.org/lodash
106 info retry will retry, error on last attempt: Error: tunneling socket could not be established, cause=connect EINVAL 0.229.215.242:80 - Local (0.0.0.0:0)
107 info retry will retry, error on last attempt: Error: tunneling socket could not be established, cause=connect EINVAL 0.229.215.242:80 - Local (0.0.0.0:0)
108 verbose request uri https://registry.npmjs.org/jquery
109 verbose request no auth needed
110 info attempt registry request try #1 at 13:47:47
111 verbose etag W/"588a9801-148b8"
112 verbose lastModified Fri, 27 Jan 2017 00:44:49 GMT
113 http request GET https://registry.npmjs.org/jquery
114 info retry will retry, error on last attempt: Error: tunneling socket could not be established, cause=connect EINVAL 0.229.215.242:80 - Local (0.0.0.0:0)
115 verbose request uri https://registry.npmjs.org/vue-resource
116 verbose request no auth needed
117 info attempt registry request try #1 at 13:47:47
118 verbose etag W/"586d6b72-b46b"
119 verbose lastModified Wed, 04 Jan 2017 21:38:58 GMT
120 http request GET https://registry.npmjs.org/vue-resource
121 info retry will retry, error on last attempt: Error: tunneling socket could not be established, cause=connect EINVAL 0.229.215.242:80 - Local (0.0.0.0:0)
122 verbose request uri https://registry.npmjs.org/vue
123 verbose request no auth needed
124 info attempt registry request try #1 at 13:47:47
125 verbose etag W/"58824d79-6fa4c"
126 verbose lastModified Fri, 20 Jan 2017 17:48:41 GMT
127 http request GET https://registry.npmjs.org/vue
128 info retry will retry, error on last attempt: Error: tunneling socket could not be established, cause=connect EINVAL 0.229.215.242:80 - Local (0.0.0.0:0)
129 info attempt registry request try #2 at 13:47:56
130 http request GET https://registry.npmjs.org/gulp
131 info attempt registry request try #2 at 13:47:57
132 http request GET https://registry.npmjs.org/laravel-elixir-vue-2
133 info attempt registry request try #2 at 13:47:57
134 http request GET https://registry.npmjs.org/laravel-elixir
135 info attempt registry request try #2 at 13:47:57
136 http request GET https://registry.npmjs.org/laravel-elixir-webpack-official
137 info retry will retry, error on last attempt: Error: tunneling socket could not be established, cause=connect EINVAL 0.229.215.242:80 - Local (0.0.0.0:0)
138 info retry will retry, error on last attempt: Error: tunneling socket could not be established, cause=connect EINVAL 0.229.215.242:80 - Local (0.0.0.0:0)
139 info retry will retry, error on last attempt: Error: tunneling socket could not be established, cause=connect EINVAL 0.229.215.242:80 - Local (0.0.0.0:0)
140 info retry will retry, error on last attempt: Error: tunneling socket could not be established, cause=connect EINVAL 0.229.215.242:80 - Local (0.0.0.0:0)
141 info attempt registry request try #2 at 13:47:57
142 verbose etag W/"584f7dea-7083"
143 verbose lastModified Tue, 13 Dec 2016 04:49:46 GMT
144 http request GET https://registry.npmjs.org/bootstrap-sass
145 info attempt registry request try #2 at 13:47:57
146 verbose etag W/"588ae752-28e93"
147 verbose lastModified Fri, 27 Jan 2017 06:23:14 GMT
148 http request GET https://registry.npmjs.org/lodash
149 info attempt registry request try #2 at 13:47:57
150 verbose etag W/"588a9801-148b8"
151 verbose lastModified Fri, 27 Jan 2017 00:44:49 GMT
152 http request GET https://registry.npmjs.org/jquery
153 info retry will retry, error on last attempt: Error: tunneling socket could not be established, cause=connect EINVAL 0.229.215.242:80 - Local (0.0.0.0:0)
154 info retry will retry, error on last attempt: Error: tunneling socket could not be established, cause=connect EINVAL 0.229.215.242:80 - Local (0.0.0.0:0)
155 info retry will retry, error on last attempt: Error: tunneling socket could not be established, cause=connect EINVAL 0.229.215.242:80 - Local (0.0.0.0:0)
156 info attempt registry request try #2 at 13:47:57
157 verbose etag W/"586d6b72-b46b"
158 verbose lastModified Wed, 04 Jan 2017 21:38:58 GMT
159 http request GET https://registry.npmjs.org/vue-resource
160 info retry will retry, error on last attempt: Error: tunneling socket could not be established, cause=connect EINVAL 0.229.215.242:80 - Local (0.0.0.0:0)
161 info attempt registry request try #2 at 13:47:57
162 verbose etag W/"58824d79-6fa4c"
163 verbose lastModified Fri, 20 Jan 2017 17:48:41 GMT
164 http request GET https://registry.npmjs.org/vue
165 info retry will retry, error on last attempt: Error: tunneling socket could not be established, cause=connect EINVAL 0.229.215.242:80 - Local (0.0.0.0:0)
166 info attempt registry request try #3 at 13:48:57
167 http request GET https://registry.npmjs.org/gulp
168 info attempt registry request try #3 at 13:48:57
169 http request GET https://registry.npmjs.org/laravel-elixir-vue-2
170 info attempt registry request try #3 at 13:48:57
171 http request GET https://registry.npmjs.org/laravel-elixir
172 info attempt registry request try #3 at 13:48:57
173 http request GET https://registry.npmjs.org/laravel-elixir-webpack-official
174 silly fetchPackageMetaData Error: tunneling socket could not be established, cause=connect EINVAL 0.229.215.242:80 - Local (0.0.0.0:0)
174 silly fetchPackageMetaData     at ClientRequest.onError (/usr/lib/node_modules/npm/node_modules/request/node_modules/tunnel-agent/index.js:176:17)
174 silly fetchPackageMetaData     at ClientRequest.g (events.js:291:16)
174 silly fetchPackageMetaData     at emitOne (events.js:96:13)
174 silly fetchPackageMetaData     at ClientRequest.emit (events.js:188:7)
174 silly fetchPackageMetaData     at Socket.socketErrorListener (_http_client.js:310:9)
174 silly fetchPackageMetaData     at emitOne (events.js:96:13)
174 silly fetchPackageMetaData     at Socket.emit (events.js:188:7)
174 silly fetchPackageMetaData     at emitErrorNT (net.js:1278:8)
174 silly fetchPackageMetaData     at _combinedTickCallback (internal/process/next_tick.js:74:11)
174 silly fetchPackageMetaData     at process._tickCallback (internal/process/next_tick.js:98:9)
174 silly fetchPackageMetaData  error for gulp@^3.9.1 { Error: tunneling socket could not be established, cause=connect EINVAL 0.229.215.242:80 - Local (0.0.0.0:0)
174 silly fetchPackageMetaData     at ClientRequest.onError (/usr/lib/node_modules/npm/node_modules/request/node_modules/tunnel-agent/index.js:176:17)
174 silly fetchPackageMetaData     at ClientRequest.g (events.js:291:16)
174 silly fetchPackageMetaData     at emitOne (events.js:96:13)
174 silly fetchPackageMetaData     at ClientRequest.emit (events.js:188:7)
174 silly fetchPackageMetaData     at Socket.socketErrorListener (_http_client.js:310:9)
174 silly fetchPackageMetaData     at emitOne (events.js:96:13)
174 silly fetchPackageMetaData     at Socket.emit (events.js:188:7)
174 silly fetchPackageMetaData     at emitErrorNT (net.js:1278:8)
174 silly fetchPackageMetaData     at _combinedTickCallback (internal/process/next_tick.js:74:11)
174 silly fetchPackageMetaData     at process._tickCallback (internal/process/next_tick.js:98:9) code: 'ECONNRESET' }
175 silly fetchPackageMetaData Error: tunneling socket could not be established, cause=connect EINVAL 0.229.215.242:80 - Local (0.0.0.0:0)
175 silly fetchPackageMetaData     at ClientRequest.onError (/usr/lib/node_modules/npm/node_modules/request/node_modules/tunnel-agent/index.js:176:17)
175 silly fetchPackageMetaData     at ClientRequest.g (events.js:291:16)
175 silly fetchPackageMetaData     at emitOne (events.js:96:13)
175 silly fetchPackageMetaData     at ClientRequest.emit (events.js:188:7)
175 silly fetchPackageMetaData     at Socket.socketErrorListener (_http_client.js:310:9)
175 silly fetchPackageMetaData     at emitOne (events.js:96:13)
175 silly fetchPackageMetaData     at Socket.emit (events.js:188:7)
175 silly fetchPackageMetaData     at emitErrorNT (net.js:1278:8)
175 silly fetchPackageMetaData     at _combinedTickCallback (internal/process/next_tick.js:74:11)
175 silly fetchPackageMetaData     at process._tickCallback (internal/process/next_tick.js:98:9)
175 silly fetchPackageMetaData  error for laravel-elixir-vue-2@^0.2.0 { Error: tunneling socket could not be established, cause=connect EINVAL 0.229.215.242:80 - Local (0.0.0.0:0)
175 silly fetchPackageMetaData     at ClientRequest.onError (/usr/lib/node_modules/npm/node_modules/request/node_modules/tunnel-agent/index.js:176:17)
175 silly fetchPackageMetaData     at ClientRequest.g (events.js:291:16)
175 silly fetchPackageMetaData     at emitOne (events.js:96:13)
175 silly fetchPackageMetaData     at ClientRequest.emit (events.js:188:7)
175 silly fetchPackageMetaData     at Socket.socketErrorListener (_http_client.js:310:9)
175 silly fetchPackageMetaData     at emitOne (events.js:96:13)
175 silly fetchPackageMetaData     at Socket.emit (events.js:188:7)
175 silly fetchPackageMetaData     at emitErrorNT (net.js:1278:8)
175 silly fetchPackageMetaData     at _combinedTickCallback (internal/process/next_tick.js:74:11)
175 silly fetchPackageMetaData     at process._tickCallback (internal/process/next_tick.js:98:9) code: 'ECONNRESET' }
176 silly fetchPackageMetaData Error: tunneling socket could not be established, cause=connect EINVAL 0.229.215.242:80 - Local (0.0.0.0:0)
176 silly fetchPackageMetaData     at ClientRequest.onError (/usr/lib/node_modules/npm/node_modules/request/node_modules/tunnel-agent/index.js:176:17)
176 silly fetchPackageMetaData     at ClientRequest.g (events.js:291:16)
176 silly fetchPackageMetaData     at emitOne (events.js:96:13)
176 silly fetchPackageMetaData     at ClientRequest.emit (events.js:188:7)
176 silly fetchPackageMetaData     at Socket.socketErrorListener (_http_client.js:310:9)
176 silly fetchPackageMetaData     at emitOne (events.js:96:13)
176 silly fetchPackageMetaData     at Socket.emit (events.js:188:7)
176 silly fetchPackageMetaData     at emitErrorNT (net.js:1278:8)
176 silly fetchPackageMetaData     at _combinedTickCallback (internal/process/next_tick.js:74:11)
176 silly fetchPackageMetaData     at process._tickCallback (internal/process/next_tick.js:98:9)
176 silly fetchPackageMetaData  error for laravel-elixir@^6.0.0-9 { Error: tunneling socket could not be established, cause=connect EINVAL 0.229.215.242:80 - Local (0.0.0.0:0)
176 silly fetchPackageMetaData     at ClientRequest.onError (/usr/lib/node_modules/npm/node_modules/request/node_modules/tunnel-agent/index.js:176:17)
176 silly fetchPackageMetaData     at ClientRequest.g (events.js:291:16)
176 silly fetchPackageMetaData     at emitOne (events.js:96:13)
176 silly fetchPackageMetaData     at ClientRequest.emit (events.js:188:7)
176 silly fetchPackageMetaData     at Socket.socketErrorListener (_http_client.js:310:9)
176 silly fetchPackageMetaData     at emitOne (events.js:96:13)
176 silly fetchPackageMetaData     at Socket.emit (events.js:188:7)
176 silly fetchPackageMetaData     at emitErrorNT (net.js:1278:8)
176 silly fetchPackageMetaData     at _combinedTickCallback (internal/process/next_tick.js:74:11)
176 silly fetchPackageMetaData     at process._tickCallback (internal/process/next_tick.js:98:9) code: 'ECONNRESET' }
177 silly fetchPackageMetaData Error: tunneling socket could not be established, cause=connect EINVAL 0.229.215.242:80 - Local (0.0.0.0:0)
177 silly fetchPackageMetaData     at ClientRequest.onError (/usr/lib/node_modules/npm/node_modules/request/node_modules/tunnel-agent/index.js:176:17)
177 silly fetchPackageMetaData     at ClientRequest.g (events.js:291:16)
177 silly fetchPackageMetaData     at emitOne (events.js:96:13)
177 silly fetchPackageMetaData     at ClientRequest.emit (events.js:188:7)
177 silly fetchPackageMetaData     at Socket.socketErrorListener (_http_client.js:310:9)
177 silly fetchPackageMetaData     at emitOne (events.js:96:13)
177 silly fetchPackageMetaData     at Socket.emit (events.js:188:7)
177 silly fetchPackageMetaData     at emitErrorNT (net.js:1278:8)
177 silly fetchPackageMetaData     at _combinedTickCallback (internal/process/next_tick.js:74:11)
177 silly fetchPackageMetaData     at process._tickCallback (internal/process/next_tick.js:98:9)
177 silly fetchPackageMetaData  error for laravel-elixir-webpack-official@^1.0.2 { Error: tunneling socket could not be established, cause=connect EINVAL 0.229.215.242:80 - Local (0.0.0.0:0)
177 silly fetchPackageMetaData     at ClientRequest.onError (/usr/lib/node_modules/npm/node_modules/request/node_modules/tunnel-agent/index.js:176:17)
177 silly fetchPackageMetaData     at ClientRequest.g (events.js:291:16)
177 silly fetchPackageMetaData     at emitOne (events.js:96:13)
177 silly fetchPackageMetaData     at ClientRequest.emit (events.js:188:7)
177 silly fetchPackageMetaData     at Socket.socketErrorListener (_http_client.js:310:9)
177 silly fetchPackageMetaData     at emitOne (events.js:96:13)
177 silly fetchPackageMetaData     at Socket.emit (events.js:188:7)
177 silly fetchPackageMetaData     at emitErrorNT (net.js:1278:8)
177 silly fetchPackageMetaData     at _combinedTickCallback (internal/process/next_tick.js:74:11)
177 silly fetchPackageMetaData     at process._tickCallback (internal/process/next_tick.js:98:9) code: 'ECONNRESET' }
178 info attempt registry request try #3 at 13:48:57
179 verbose etag W/"584f7dea-7083"
180 verbose lastModified Tue, 13 Dec 2016 04:49:46 GMT
181 http request GET https://registry.npmjs.org/bootstrap-sass
182 info attempt registry request try #3 at 13:48:57
183 verbose etag W/"588ae752-28e93"
184 verbose lastModified Fri, 27 Jan 2017 06:23:14 GMT
185 http request GET https://registry.npmjs.org/lodash
186 info attempt registry request try #3 at 13:48:57
187 verbose etag W/"588a9801-148b8"
188 verbose lastModified Fri, 27 Jan 2017 00:44:49 GMT
189 http request GET https://registry.npmjs.org/jquery
190 silly get cb [ 304, undefined ]
191 verbose etag https://registry.npmjs.org/bootstrap-sass from cache
192 verbose get saving bootstrap-sass to /home/luis/.npm/registry.npmjs.org/bootstrap-sass/.cache.json
193 verbose correctMkdir /home/luis/.npm correctMkdir not in flight; initializing
194 silly get cb [ 304, undefined ]
195 verbose etag https://registry.npmjs.org/lodash from cache
196 verbose get saving lodash to /home/luis/.npm/registry.npmjs.org/lodash/.cache.json
197 verbose correctMkdir /home/luis/.npm correctMkdir already in flight; waiting
198 silly get cb [ 304, undefined ]
199 verbose etag https://registry.npmjs.org/jquery from cache
200 verbose get saving jquery to /home/luis/.npm/registry.npmjs.org/jquery/.cache.json
201 verbose correctMkdir /home/luis/.npm correctMkdir already in flight; waiting
202 info attempt registry request try #3 at 13:48:57
203 verbose etag W/"586d6b72-b46b"
204 verbose lastModified Wed, 04 Jan 2017 21:38:58 GMT
205 http request GET https://registry.npmjs.org/vue-resource
206 silly get cb [ 304, undefined ]
207 verbose etag https://registry.npmjs.org/vue-resource from cache
208 verbose get saving vue-resource to /home/luis/.npm/registry.npmjs.org/vue-resource/.cache.json
209 verbose correctMkdir /home/luis/.npm correctMkdir not in flight; initializing
210 info attempt registry request try #3 at 13:48:57
211 verbose etag W/"58824d79-6fa4c"
212 verbose lastModified Fri, 20 Jan 2017 17:48:41 GMT
213 http request GET https://registry.npmjs.org/vue
214 silly get cb [ 304, undefined ]
215 verbose etag https://registry.npmjs.org/vue from cache
216 verbose get saving vue to /home/luis/.npm/registry.npmjs.org/vue/.cache.json
217 verbose correctMkdir /home/luis/.npm correctMkdir not in flight; initializing
218 silly resolveWithNewModule jquery@3.1.1 checking installable status
219 silly cache add args [ 'jquery@^3.1.0', null ]
220 verbose cache add spec jquery@^3.1.0
221 silly cache add parsed spec Result {
221 silly cache add   raw: 'jquery@^3.1.0',
221 silly cache add   scope: null,
221 silly cache add   escapedName: 'jquery',
221 silly cache add   name: 'jquery',
221 silly cache add   rawSpec: '^3.1.0',
221 silly cache add   spec: '>=3.1.0 <4.0.0',
221 silly cache add   type: 'range' }
222 silly addNamed jquery@>=3.1.0 <4.0.0
223 verbose addNamed ">=3.1.0 <4.0.0" is a valid semver range for jquery
224 silly addNameRange { name: 'jquery', range: '>=3.1.0 <4.0.0', hasData: false }
225 silly mapToRegistry name jquery
226 silly mapToRegistry using default registry
227 silly mapToRegistry registry https://registry.npmjs.org/
228 silly mapToRegistry data Result {
228 silly mapToRegistry   raw: 'jquery',
228 silly mapToRegistry   scope: null,
228 silly mapToRegistry   escapedName: 'jquery',
228 silly mapToRegistry   name: 'jquery',
228 silly mapToRegistry   rawSpec: '',
228 silly mapToRegistry   spec: 'latest',
228 silly mapToRegistry   type: 'tag' }
229 silly mapToRegistry uri https://registry.npmjs.org/jquery
230 verbose addNameRange registry:https://registry.npmjs.org/jquery not in flight; fetching
231 silly resolveWithNewModule bootstrap-sass@3.3.7 checking installable status
232 silly cache add args [ 'bootstrap-sass@^3.3.7', null ]
233 verbose cache add spec bootstrap-sass@^3.3.7
234 silly cache add parsed spec Result {
234 silly cache add   raw: 'bootstrap-sass@^3.3.7',
234 silly cache add   scope: null,
234 silly cache add   escapedName: 'bootstrap-sass',
234 silly cache add   name: 'bootstrap-sass',
234 silly cache add   rawSpec: '^3.3.7',
234 silly cache add   spec: '>=3.3.7 <4.0.0',
234 silly cache add   type: 'range' }
235 silly addNamed bootstrap-sass@>=3.3.7 <4.0.0
236 verbose addNamed ">=3.3.7 <4.0.0" is a valid semver range for bootstrap-sass
237 silly addNameRange { name: 'bootstrap-sass',
237 silly addNameRange   range: '>=3.3.7 <4.0.0',
237 silly addNameRange   hasData: false }
238 silly mapToRegistry name bootstrap-sass
239 silly mapToRegistry using default registry
240 silly mapToRegistry registry https://registry.npmjs.org/
241 silly mapToRegistry data Result {
241 silly mapToRegistry   raw: 'bootstrap-sass',
241 silly mapToRegistry   scope: null,
241 silly mapToRegistry   escapedName: 'bootstrap-sass',
241 silly mapToRegistry   name: 'bootstrap-sass',
241 silly mapToRegistry   rawSpec: '',
241 silly mapToRegistry   spec: 'latest',
241 silly mapToRegistry   type: 'tag' }
242 silly mapToRegistry uri https://registry.npmjs.org/bootstrap-sass
243 verbose addNameRange registry:https://registry.npmjs.org/bootstrap-sass not in flight; fetching
244 silly resolveWithNewModule lodash@4.17.4 checking installable status
245 silly cache add args [ 'lodash@^4.16.2', null ]
246 verbose cache add spec lodash@^4.16.2
247 silly cache add parsed spec Result {
247 silly cache add   raw: 'lodash@^4.16.2',
247 silly cache add   scope: null,
247 silly cache add   escapedName: 'lodash',
247 silly cache add   name: 'lodash',
247 silly cache add   rawSpec: '^4.16.2',
247 silly cache add   spec: '>=4.16.2 <5.0.0',
247 silly cache add   type: 'range' }
248 silly addNamed lodash@>=4.16.2 <5.0.0
249 verbose addNamed ">=4.16.2 <5.0.0" is a valid semver range for lodash
250 silly addNameRange { name: 'lodash', range: '>=4.16.2 <5.0.0', hasData: false }
251 silly mapToRegistry name lodash
252 silly mapToRegistry using default registry
253 silly mapToRegistry registry https://registry.npmjs.org/
254 silly mapToRegistry data Result {
254 silly mapToRegistry   raw: 'lodash',
254 silly mapToRegistry   scope: null,
254 silly mapToRegistry   escapedName: 'lodash',
254 silly mapToRegistry   name: 'lodash',
254 silly mapToRegistry   rawSpec: '',
254 silly mapToRegistry   spec: 'latest',
254 silly mapToRegistry   type: 'tag' }
255 silly mapToRegistry uri https://registry.npmjs.org/lodash
256 verbose addNameRange registry:https://registry.npmjs.org/lodash not in flight; fetching
257 silly resolveWithNewModule vue-resource@1.0.3 checking installable status
258 silly cache add args [ 'vue-resource@^1.0.3', null ]
259 verbose cache add spec vue-resource@^1.0.3
260 silly cache add parsed spec Result {
260 silly cache add   raw: 'vue-resource@^1.0.3',
260 silly cache add   scope: null,
260 silly cache add   escapedName: 'vue-resource',
260 silly cache add   name: 'vue-resource',
260 silly cache add   rawSpec: '^1.0.3',
260 silly cache add   spec: '>=1.0.3 <2.0.0',
260 silly cache add   type: 'range' }
261 silly addNamed vue-resource@>=1.0.3 <2.0.0
262 verbose addNamed ">=1.0.3 <2.0.0" is a valid semver range for vue-resource
263 silly addNameRange { name: 'vue-resource', range: '>=1.0.3 <2.0.0', hasData: false }
264 silly mapToRegistry name vue-resource
265 silly mapToRegistry using default registry
266 silly mapToRegistry registry https://registry.npmjs.org/
267 silly mapToRegistry data Result {
267 silly mapToRegistry   raw: 'vue-resource',
267 silly mapToRegistry   scope: null,
267 silly mapToRegistry   escapedName: 'vue-resource',
267 silly mapToRegistry   name: 'vue-resource',
267 silly mapToRegistry   rawSpec: '',
267 silly mapToRegistry   spec: 'latest',
267 silly mapToRegistry   type: 'tag' }
268 silly mapToRegistry uri https://registry.npmjs.org/vue-resource
269 verbose addNameRange registry:https://registry.npmjs.org/vue-resource not in flight; fetching
270 verbose get https://registry.npmjs.org/jquery not expired, no request
271 silly addNameRange number 2 { name: 'jquery', range: '>=3.1.0 <4.0.0', hasData: true }
272 silly addNameRange versions [ 'jquery',
272 silly addNameRange   [ '1.5.1',
272 silly addNameRange     '1.6.2',
272 silly addNameRange     '1.6.3',
272 silly addNameRange     '1.7.2',
272 silly addNameRange     '1.7.3',
272 silly addNameRange     '1.8.2',
272 silly addNameRange     '1.8.3',
272 silly addNameRange     '2.1.0-beta2',
272 silly addNameRange     '2.1.0-beta3',
272 silly addNameRange     '1.11.0-beta3',
272 silly addNameRange     '1.11.0-rc1',
272 silly addNameRange     '2.1.0-rc1',
272 silly addNameRange     '1.11.0',
272 silly addNameRange     '2.1.0',
272 silly addNameRange     '2.1.1-beta1',
272 silly addNameRange     '1.11.1-beta1',
272 silly addNameRange     '2.1.1-rc1',
272 silly addNameRange     '1.11.1-rc1',
272 silly addNameRange     '2.1.1-rc2',
272 silly addNameRange     '1.11.1-rc2',
272 silly addNameRange     '2.1.1',
272 silly addNameRange     '1.11.1',
272 silly addNameRange     '1.9.1',
272 silly addNameRange     '2.1.2',
272 silly addNameRange     '1.11.2',
272 silly addNameRange     '2.1.3',
272 silly addNameRange     '2.1.4',
272 silly addNameRange     '1.11.3',
272 silly addNameRange     '3.0.0-alpha1',
272 silly addNameRange     '1.12.0',
272 silly addNameRange     '2.2.0',
272 silly addNameRange     '3.0.0-beta1',
272 silly addNameRange     '1.12.1',
272 silly addNameRange     '2.2.1',
272 silly addNameRange     '1.12.2',
272 silly addNameRange     '2.2.2',
272 silly addNameRange     '1.12.3',
272 silly addNameRange     '2.2.3',
272 silly addNameRange     '1.12.4',
272 silly addNameRange     '2.2.4',
272 silly addNameRange     '3.0.0-rc1',
272 silly addNameRange     '3.0.0',
272 silly addNameRange     '3.1.0',
272 silly addNameRange     '3.1.1' ] ]
273 silly addNamed jquery@3.1.1
274 verbose addNamed "3.1.1" is a plain semver version for jquery
275 verbose get https://registry.npmjs.org/lodash not expired, no request
276 silly addNameRange number 2 { name: 'lodash', range: '>=4.16.2 <5.0.0', hasData: true }
277 silly addNameRange versions [ 'lodash',
277 silly addNameRange   [ '0.1.0',
277 silly addNameRange     '0.2.0',
277 silly addNameRange     '0.2.1',
277 silly addNameRange     '0.2.2',
277 silly addNameRange     '0.3.0',
277 silly addNameRange     '0.3.1',
277 silly addNameRange     '0.3.2',
277 silly addNameRange     '0.4.0',
277 silly addNameRange     '0.4.1',
277 silly addNameRange     '0.4.2',
277 silly addNameRange     '0.5.0-rc.1',
277 silly addNameRange     '0.5.0',
277 silly addNameRange     '0.5.1',
277 silly addNameRange     '0.5.2',
277 silly addNameRange     '0.6.0',
277 silly addNameRange     '0.6.1',
277 silly addNameRange     '0.7.0',
277 silly addNameRange     '0.8.0',
277 silly addNameRange     '0.8.1',
277 silly addNameRange     '0.8.2',
277 silly addNameRange     '0.9.0',
277 silly addNameRange     '0.9.1',
277 silly addNameRange     '0.9.2',
277 silly addNameRange     '0.10.0',
277 silly addNameRange     '1.0.0-rc.1',
277 silly addNameRange     '1.0.0-rc.2',
277 silly addNameRange     '1.0.0-rc.3',
277 silly addNameRange     '1.0.0',
277 silly addNameRange     '1.0.1',
277 silly addNameRange     '1.1.0',
277 silly addNameRange     '1.1.1',
277 silly addNameRange     '1.2.0',
277 silly addNameRange     '1.2.1',
277 silly addNameRange     '1.3.0',
277 silly addNameRange     '1.3.1',
277 silly addNameRange     '2.0.0',
277 silly addNameRange     '2.1.0',
277 silly addNameRange     '2.2.0',
277 silly addNameRange     '2.2.1',
277 silly addNameRange     '2.3.0',
277 silly addNameRange     '2.4.0',
277 silly addNameRange     '2.4.1',
277 silly addNameRange     '3.0.0',
277 silly addNameRange     '3.0.1',
277 silly addNameRange     '3.1.0',
277 silly addNameRange     '3.2.0',
277 silly addNameRange     '3.3.0',
277 silly addNameRange     '3.3.1',
277 silly addNameRange     '3.4.0',
277 silly addNameRange     '3.5.0',
277 silly addNameRange     '3.6.0',
277 silly addNameRange     '1.0.2',
277 silly addNameRange     '3.7.0',
277 silly addNameRange     '2.4.2',
277 silly addNameRange     '3.8.0',
277 silly addNameRange     '3.9.0',
277 silly addNameRange     '3.9.1',
277 silly addNameRange     '3.9.2',
277 silly addNameRange     '3.9.3',
277 silly addNameRange     '3.10.0',
277 silly addNameRange     '3.10.1',
277 silly addNameRange     '4.0.0',
277 silly addNameRange     '4.0.1',
277 silly addNameRange     '4.1.0',
277 silly addNameRange     '4.2.0',
277 silly addNameRange     '4.2.1',
277 silly addNameRange     '4.3.0',
277 silly addNameRange     '4.4.0',
277 silly addNameRange     '4.5.0',
277 silly addNameRange     '4.5.1',
277 silly addNameRange     '4.6.0',
277 silly addNameRange     '4.6.1',
277 silly addNameRange     '4.7.0',
277 silly addNameRange     '4.8.0',
277 silly addNameRange     '4.8.1',
277 silly addNameRange     '4.8.2',
277 silly addNameRange     '4.9.0',
277 silly addNameRange     '4.10.0',
277 silly addNameRange     '4.11.0',
277 silly addNameRange     '4.11.1',
277 silly addNameRange     '4.11.2',
277 silly addNameRange     '4.12.0',
277 silly addNameRange     '4.13.0',
277 silly addNameRange     '4.13.1',
277 silly addNameRange     '4.14.0',
277 silly addNameRange     '4.14.1',
277 silly addNameRange     '4.14.2',
277 silly addNameRange     '4.15.0',
277 silly addNameRange     '4.16.0',
277 silly addNameRange     '4.16.1',
277 silly addNameRange     '4.16.2',
277 silly addNameRange     '4.16.3',
277 silly addNameRange     '4.16.4',
277 silly addNameRange     '4.16.5',
277 silly addNameRange     '4.16.6',
277 silly addNameRange     '4.17.0',
277 silly addNameRange     '4.17.1',
277 silly addNameRange     '4.17.2',
277 silly addNameRange     '4.17.3',
277 silly addNameRange     '4.17.4' ] ]
278 silly addNamed lodash@4.17.4
279 verbose addNamed "4.17.4" is a plain semver version for lodash
280 verbose get https://registry.npmjs.org/bootstrap-sass not expired, no request
281 silly addNameRange number 2 { name: 'bootstrap-sass',
281 silly addNameRange   range: '>=3.3.7 <4.0.0',
281 silly addNameRange   hasData: true }
282 silly addNameRange versions [ 'bootstrap-sass',
282 silly addNameRange   [ '2.3.2',
282 silly addNameRange     '3.1.1',
282 silly addNameRange     '3.2.0',
282 silly addNameRange     '3.3.0',
282 silly addNameRange     '3.3.1',
282 silly addNameRange     '3.3.2',
282 silly addNameRange     '3.3.3',
282 silly addNameRange     '3.3.4',
282 silly addNameRange     '3.3.5',
282 silly addNameRange     '3.3.6',
282 silly addNameRange     '3.3.7' ] ]
283 silly addNamed bootstrap-sass@3.3.7
284 verbose addNamed "3.3.7" is a plain semver version for bootstrap-sass
285 verbose get https://registry.npmjs.org/vue-resource not expired, no request
286 silly addNameRange number 2 { name: 'vue-resource', range: '>=1.0.3 <2.0.0', hasData: true }
287 silly addNameRange versions [ 'vue-resource',
287 silly addNameRange   [ '0.1.2',
287 silly addNameRange     '0.1.3',
287 silly addNameRange     '0.1.4',
287 silly addNameRange     '0.1.5',
287 silly addNameRange     '0.1.6',
287 silly addNameRange     '0.1.7',
287 silly addNameRange     '0.1.8',
287 silly addNameRange     '0.1.9',
287 silly addNameRange     '0.1.10',
287 silly addNameRange     '0.1.11',
287 silly addNameRange     '0.1.12',
287 silly addNameRange     '0.1.13',
287 silly addNameRange     '0.1.14',
287 silly addNameRange     '0.1.15',
287 silly addNameRange     '0.1.16',
287 silly addNameRange     '0.1.17',
287 silly addNameRange     '0.5.0',
287 silly addNameRange     '0.5.1',
287 silly addNameRange     '0.6.0',
287 silly addNameRange     '0.6.1',
287 silly addNameRange     '0.7.0',
287 silly addNameRange     '0.7.1',
287 silly addNameRange     '0.7.2',
287 silly addNameRange     '0.7.3',
287 silly addNameRange     '0.7.4',
287 silly addNameRange     '0.8.0',
287 silly addNameRange     '0.9.0',
287 silly addNameRange     '0.9.1',
287 silly addNameRange     '0.9.2',
287 silly addNameRange     '0.9.3',
287 silly addNameRange     '1.0.0',
287 silly addNameRange     '1.0.1',
287 silly addNameRange     '1.0.2',
287 silly addNameRange     '1.0.3' ] ]
288 silly addNamed vue-resource@1.0.3
289 verbose addNamed "1.0.3" is a plain semver version for vue-resource
290 silly resolveWithNewModule vue@2.1.10 checking installable status
291 silly cache add args [ 'vue@^2.0.1', null ]
292 verbose cache add spec vue@^2.0.1
293 silly cache add parsed spec Result {
293 silly cache add   raw: 'vue@^2.0.1',
293 silly cache add   scope: null,
293 silly cache add   escapedName: 'vue',
293 silly cache add   name: 'vue',
293 silly cache add   rawSpec: '^2.0.1',
293 silly cache add   spec: '>=2.0.1 <3.0.0',
293 silly cache add   type: 'range' }
294 silly addNamed vue@>=2.0.1 <3.0.0
295 verbose addNamed ">=2.0.1 <3.0.0" is a valid semver range for vue
296 silly addNameRange { name: 'vue', range: '>=2.0.1 <3.0.0', hasData: false }
297 silly mapToRegistry name vue
298 silly mapToRegistry using default registry
299 silly mapToRegistry registry https://registry.npmjs.org/
300 silly mapToRegistry data Result {
300 silly mapToRegistry   raw: 'vue',
300 silly mapToRegistry   scope: null,
300 silly mapToRegistry   escapedName: 'vue',
300 silly mapToRegistry   name: 'vue',
300 silly mapToRegistry   rawSpec: '',
300 silly mapToRegistry   spec: 'latest',
300 silly mapToRegistry   type: 'tag' }
301 silly mapToRegistry uri https://registry.npmjs.org/vue
302 verbose addNameRange registry:https://registry.npmjs.org/vue not in flight; fetching
303 silly cache afterAdd jquery@3.1.1
304 verbose afterAdd /home/luis/.npm/jquery/3.1.1/package/package.json not in flight; writing
305 verbose correctMkdir /home/luis/.npm correctMkdir not in flight; initializing
306 verbose get https://registry.npmjs.org/vue not expired, no request
307 silly addNameRange number 2 { name: 'vue', range: '>=2.0.1 <3.0.0', hasData: true }
308 silly addNameRange versions [ 'vue',
308 silly addNameRange   [ '0.0.0',
308 silly addNameRange     '0.6.0',
308 silly addNameRange     '0.7.0',
308 silly addNameRange     '0.7.1',
308 silly addNameRange     '0.7.3',
308 silly addNameRange     '0.7.4',
308 silly addNameRange     '0.7.5',
308 silly addNameRange     '0.7.6',
308 silly addNameRange     '0.8.0',
308 silly addNameRange     '0.8.1',
308 silly addNameRange     '0.8.2',
308 silly addNameRange     '0.8.3',
308 silly addNameRange     '0.8.4',
308 silly addNameRange     '0.8.6',
308 silly addNameRange     '0.8.7',
308 silly addNameRange     '0.8.8',
308 silly addNameRange     '0.9.0',
308 silly addNameRange     '0.9.1',
308 silly addNameRange     '0.9.2',
308 silly addNameRange     '0.9.3',
308 silly addNameRange     '0.10.0',
308 silly addNameRange     '0.10.1',
308 silly addNameRange     '0.10.2',
308 silly addNameRange     '0.10.3',
308 silly addNameRange     '0.10.4',
308 silly addNameRange     '0.10.5',
308 silly addNameRange     '0.10.6',
308 silly addNameRange     '0.11.0-rc',
308 silly addNameRange     '0.11.0-rc2',
308 silly addNameRange     '0.11.0-rc3',
308 silly addNameRange     '0.11.0',
308 silly addNameRange     '0.11.1',
308 silly addNameRange     '0.11.2',
308 silly addNameRange     '0.11.3',
308 silly addNameRange     '0.11.4',
308 silly addNameRange     '0.11.5',
308 silly addNameRange     '0.11.6',
308 silly addNameRange     '0.11.7',
308 silly addNameRange     '0.11.8',
308 silly addNameRange     '0.11.9',
308 silly addNameRange     '0.11.10',
308 silly addNameRange     '0.12.0-beta1',
308 silly addNameRange     '0.12.0-beta2',
308 silly addNameRange     '0.12.0-beta3',
308 silly addNameRange     '0.12.0-beta4',
308 silly addNameRange     '0.12.0-beta5',
308 silly addNameRange     '0.12.0-rc',
308 silly addNameRange     '0.12.0-rc2',
308 silly addNameRange     '0.12.0',
308 silly addNameRange     '0.12.0-csp',
308 silly addNameRange     '0.12.1',
308 silly addNameRange     '0.12.1-csp',
308 silly addNameRange     '0.12.1-csp.1',
308 silly addNameRange     '0.12.1-csp.2',
308 silly addNameRange     '0.12.2',
308 silly addNameRange     '0.12.3',
308 silly addNameRange     '0.12.4',
308 silly addNameRange     '0.12.5',
308 silly addNameRange     '0.12.5-csp',
308 silly addNameRange     '0.12.6',
308 silly addNameRange     '0.12.6-csp',
308 silly addNameRange     '0.12.7',
308 silly addNameRange     '0.12.7-csp',
308 silly addNameRange     '0.12.8',
308 silly addNameRange     '0.12.8-csp',
308 silly addNameRange     '0.12.9',
308 silly addNameRange     '0.12.9-csp',
308 silly addNameRange     '0.12.10',
308 silly addNameRange     '0.12.10-csp',
308 silly addNameRange     '0.12.11',
308 silly addNameRange     '0.12.11-csp',
308 silly addNameRange     '0.12.12',
308 silly addNameRange     '0.12.12-csp',
308 silly addNameRange     '1.0.0-alpha.1',
308 silly addNameRange     '1.0.0-alpha.2',
308 silly addNameRange     '0.12.13',
308 silly addNameRange     '0.12.13-csp',
308 silly addNameRange     '1.0.0-alpha.3',
308 silly addNameRange     '0.12.14',
308 silly addNameRange     '0.12.14-csp',
308 silly addNameRange     '1.0.0-alpha.4',
308 silly addNameRange     '0.12.15',
308 silly addNameRange     '0.12.15-csp',
308 silly addNameRange     '1.0.0-alpha.5',
308 silly addNameRange     '1.0.0-beta.1',
308 silly addNameRange     '0.12.16',
308 silly addNameRange     '0.12.16-csp',
308 silly addNameRange     '1.0.0-alpha.6',
308 silly addNameRange     '1.0.0-beta.2',
308 silly addNameRange     '1.0.0-alpha.7',
308 silly addNameRange     '1.0.0-beta.3',
308 silly addNameRange     '1.0.0-alpha.8',
308 silly addNameRange     '1.0.0-beta.4',
308 silly addNameRange     '1.0.0-rc.1',
308 silly addNameRange     '1.0.0-rc.2-migration',
308 silly addNameRange     '1.0.0-rc.2',
308 silly addNameRange     '1.0.0-csp',
308 silly addNameRange     '1.0.0-migration',
308 silly addNameRange     '1.0.0',
308 silly addNameRange     '1.0.1',
308 silly addNameRange     ... 91 more items ] ]
309 silly addNamed vue@2.1.10
310 verbose addNamed "2.1.10" is a plain semver version for vue
311 silly cache afterAdd lodash@4.17.4
312 verbose afterAdd /home/luis/.npm/lodash/4.17.4/package/package.json not in flight; writing
313 verbose correctMkdir /home/luis/.npm correctMkdir not in flight; initializing
314 silly cache afterAdd bootstrap-sass@3.3.7
315 verbose afterAdd /home/luis/.npm/bootstrap-sass/3.3.7/package/package.json not in flight; writing
316 verbose correctMkdir /home/luis/.npm correctMkdir not in flight; initializing
317 silly cache afterAdd vue-resource@1.0.3
318 verbose afterAdd /home/luis/.npm/vue-resource/1.0.3/package/package.json not in flight; writing
319 verbose correctMkdir /home/luis/.npm correctMkdir not in flight; initializing
320 verbose afterAdd /home/luis/.npm/jquery/3.1.1/package/package.json written
321 verbose afterAdd /home/luis/.npm/lodash/4.17.4/package/package.json written
322 verbose afterAdd /home/luis/.npm/bootstrap-sass/3.3.7/package/package.json written
323 verbose afterAdd /home/luis/.npm/vue-resource/1.0.3/package/package.json written
324 silly cache afterAdd vue@2.1.10
325 verbose afterAdd /home/luis/.npm/vue/2.1.10/package/package.json not in flight; writing
326 verbose correctMkdir /home/luis/.npm correctMkdir not in flight; initializing
327 verbose afterAdd /home/luis/.npm/vue/2.1.10/package/package.json written
328 silly rollbackFailedOptional Starting
329 silly rollbackFailedOptional Finishing
330 silly runTopLevelLifecycles Finishing
331 silly install printInstalled
332 verbose stack Error: tunneling socket could not be established, cause=connect EINVAL 0.229.215.242:80 - Local (0.0.0.0:0)
332 verbose stack     at ClientRequest.onError (/usr/lib/node_modules/npm/node_modules/request/node_modules/tunnel-agent/index.js:176:17)
332 verbose stack     at ClientRequest.g (events.js:291:16)
332 verbose stack     at emitOne (events.js:96:13)
332 verbose stack     at ClientRequest.emit (events.js:188:7)
332 verbose stack     at Socket.socketErrorListener (_http_client.js:310:9)
332 verbose stack     at emitOne (events.js:96:13)
332 verbose stack     at Socket.emit (events.js:188:7)
332 verbose stack     at emitErrorNT (net.js:1278:8)
332 verbose stack     at _combinedTickCallback (internal/process/next_tick.js:74:11)
332 verbose stack     at process._tickCallback (internal/process/next_tick.js:98:9)
333 verbose cwd /home/luis/projetos/pdes
334 error Linux 4.4.0-53-generic
335 error argv "/usr/bin/nodejs" "/usr/bin/npm" "install"
336 error node v6.9.4
337 error npm  v3.10.10
338 error code ECONNRESET
339 error network tunneling socket could not be established, cause=connect EINVAL 0.229.215.242:80 - Local (0.0.0.0:0)
340 error network This is most likely not a problem with npm itself
340 error network and is related to network connectivity.
340 error network In most cases you are behind a proxy or have bad network settings.
340 error network
340 error network If you are behind a proxy, please make sure that the
340 error network 'proxy' config is set properly.  See: 'npm help config'
341 verbose exit [ 1, true ]
